2025-02-12 17:32:35,229 - INFO - Initialized Merriam-Webster Synonym Generator.
2025-02-12 17:32:35,229 - INFO - Processing file: ./corpus/truncation_result/complex_simple/simplest_words.tsv
2025-02-12 17:32:41,486 - INFO - No synonyms found for: lottery
2025-02-12 17:32:45,991 - INFO - No synonyms found for: golf
2025-02-12 17:32:46,256 - INFO - No synonyms found for: tomato
2025-02-12 17:32:49,955 - INFO - No synonyms found for: sixteen
2025-02-12 17:32:53,640 - INFO - No synonyms found for: grandma
2025-02-12 17:32:54,786 - INFO - No synonyms found for: week
2025-02-12 17:32:58,739 - INFO - No synonyms found for: aunt
2025-02-12 17:33:08,851 - INFO - No synonyms found for: south
2025-02-12 17:33:15,939 - INFO - No synonyms found for: secondly
2025-02-12 17:33:16,823 - INFO - No synonyms found for: rice
2025-02-12 17:33:17,663 - INFO - No synonyms found for: burger
2025-02-12 17:33:18,512 - INFO - No synonyms found for: vegetable
2025-02-12 17:33:26,336 - INFO - No synonyms found for: pork
2025-02-12 17:33:29,802 - INFO - No synonyms found for: mineral
2025-02-12 17:33:37,362 - INFO - No synonyms found for: pea
2025-02-12 17:33:39,888 - INFO - No synonyms found for: butterfly
2025-02-12 17:33:50,900 - INFO - No synonyms found for: billion
2025-02-12 17:33:51,163 - INFO - No synonyms found for: tonight
2025-02-12 17:33:54,690 - INFO - No synonyms found for: jean
2025-02-12 17:34:00,732 - INFO - No synonyms found for: thousand
2025-02-12 17:34:07,527 - INFO - No synonyms found for: camel
2025-02-12 17:34:23,686 - INFO - No synonyms found for: triangle
2025-02-12 17:34:25,086 - INFO - No synonyms found for: piano
2025-02-12 17:34:31,279 - INFO - No synonyms found for: onion
2025-02-12 17:34:32,160 - INFO - No synonyms found for: lol
2025-02-12 17:34:33,262 - INFO - No synonyms found for: basketball
2025-02-12 17:34:39,197 - INFO - No synonyms found for: superman
2025-02-12 17:34:40,271 - INFO - No synonyms found for: lung
2025-02-12 17:34:43,594 - INFO - No synonyms found for: anytime
2025-02-12 17:34:49,829 - INFO - No synonyms found for: seventy
2025-02-12 17:34:54,214 - INFO - No synonyms found for: tenth
2025-02-12 17:34:58,744 - INFO - No synonyms found for: month
2025-02-12 17:35:11,678 - INFO - No synonyms found for: eighteen
2025-02-12 17:35:18,180 - INFO - No synonyms found for: deer
2025-02-12 17:35:19,315 - INFO - No synonyms found for: dairy
2025-02-12 17:35:23,741 - INFO - No synonyms found for: thirteen
2025-02-12 17:35:26,206 - INFO - No synonyms found for: north
2025-02-12 17:35:28,171 - INFO - No synonyms found for: huh
2025-02-12 17:35:28,458 - INFO - No synonyms found for: jeep
2025-02-12 17:35:31,240 - INFO - No synonyms found for: fourth
2025-02-12 17:35:31,812 - INFO - No synonyms found for: min
2025-02-12 17:35:32,348 - INFO - No synonyms found for: football
2025-02-12 17:35:32,897 - INFO - No synonyms found for: zebra
2025-02-12 17:35:34,282 - INFO - No synonyms found for: vase
2025-02-12 17:35:35,139 - INFO - No synonyms found for: com
2025-02-12 17:35:38,795 - INFO - No synonyms found for: panda
2025-02-12 17:35:44,925 - INFO - No synonyms found for: coke
2025-02-12 17:35:46,006 - INFO - No synonyms found for: spider
2025-02-12 17:35:47,167 - INFO - No synonyms found for: fifth
2025-02-12 17:35:49,079 - INFO - No synonyms found for: webpage
2025-02-12 17:35:52,167 - INFO - No synonyms found for: headphone
2025-02-12 17:35:53,881 - INFO - No synonyms found for: thursday
2025-02-12 17:36:00,036 - INFO - No synonyms found for: tuesday
2025-02-12 17:36:07,751 - INFO - No synonyms found for: bbq
2025-02-12 17:36:08,015 - INFO - No synonyms found for: shoe
2025-02-12 17:36:08,564 - INFO - No synonyms found for: manually
2025-02-12 17:36:11,159 - INFO - No synonyms found for: soy
2025-02-12 17:36:16,539 - INFO - No synonyms found for: cody
2025-02-12 17:36:20,752 - INFO - No synonyms found for: grandparent
2025-02-12 17:36:24,879 - INFO - No synonyms found for: sec
2025-02-12 17:36:25,481 - INFO - No synonyms found for: fourteen
2025-02-12 17:36:26,032 - INFO - No synonyms found for: cookware
2025-02-12 17:36:29,380 - INFO - No synonyms found for: hindu
2025-02-12 17:36:32,391 - INFO - No synonyms found for: moose
2025-02-12 17:36:34,114 - INFO - No synonyms found for: thirty
2025-02-12 17:36:34,954 - INFO - No synonyms found for: ninth
2025-02-12 17:36:34,955 - INFO - Processed 846 words. Missing synonyms for 66 words (7.80%).
2025-02-12 17:36:34,968 - INFO - Output saved to: ./results/thesaurus/merriam_webster/complex_simple/simplest_words_merriam_webster.tsv
2025-02-12 17:36:34,968 - INFO - Processing file: ./corpus/truncation_result/complex_simple/most_complex_words.tsv
2025-02-12 17:36:36,317 - INFO - No synonyms found for: bufe
2025-02-12 17:36:36,600 - INFO - No synonyms found for: chattanooga
2025-02-12 17:36:37,432 - INFO - No synonyms found for: plantronic
2025-02-12 17:36:37,715 - INFO - No synonyms found for: hispanic
2025-02-12 17:36:38,268 - INFO - No synonyms found for: lipitor
2025-02-12 17:36:39,079 - INFO - No synonyms found for: diazepam
2025-02-12 17:36:39,370 - INFO - No synonyms found for: shropshire
2025-02-12 17:36:39,899 - INFO - No synonyms found for: cardiovascular
2025-02-12 17:36:40,974 - INFO - No synonyms found for: bizjournal
2025-02-12 17:36:41,260 - INFO - No synonyms found for: ramada
2025-02-12 17:36:42,612 - INFO - No synonyms found for: demographic
2025-02-12 17:36:43,439 - INFO - No synonyms found for: letras
2025-02-12 17:36:43,721 - INFO - No synonyms found for: seneca
2025-02-12 17:36:44,270 - INFO - No synonyms found for: salisbury
2025-02-12 17:36:44,533 - INFO - No synonyms found for: quasi
2025-02-12 17:36:44,814 - INFO - No synonyms found for: genomic
2025-02-12 17:36:45,366 - INFO - No synonyms found for: lincolnshire
2025-02-12 17:36:45,657 - INFO - No synonyms found for: dimm
2025-02-12 17:36:46,452 - INFO - No synonyms found for: orchid
2025-02-12 17:36:46,736 - INFO - No synonyms found for: scsi
2025-02-12 17:36:47,276 - INFO - No synonyms found for: websphere
2025-02-12 17:36:48,082 - INFO - No synonyms found for: blogshare
2025-02-12 17:36:48,350 - INFO - No synonyms found for: zen
2025-02-12 17:36:48,614 - INFO - No synonyms found for: cardiology
2025-02-12 17:36:48,899 - INFO - No synonyms found for: vaughn
2025-02-12 17:36:49,715 - INFO - No synonyms found for: vicodin
2025-02-12 17:36:49,996 - INFO - No synonyms found for: filipino
2025-02-12 17:36:50,555 - INFO - No synonyms found for: apa
2025-02-12 17:36:50,837 - INFO - No synonyms found for: pediatric
2025-02-12 17:36:51,121 - INFO - No synonyms found for: wwf
2025-02-12 17:36:51,409 - INFO - No synonyms found for: coldfusion
2025-02-12 17:36:51,965 - INFO - No synonyms found for: celexa
2025-02-12 17:36:52,271 - INFO - No synonyms found for: transexuale
2025-02-12 17:36:52,855 - INFO - No synonyms found for: capitalism
2025-02-12 17:36:53,676 - INFO - No synonyms found for: snyder
2025-02-12 17:36:54,196 - INFO - No synonyms found for: judicial
2025-02-12 17:36:54,737 - INFO - No synonyms found for: federally
2025-02-12 17:36:55,524 - INFO - No synonyms found for: sioux
2025-02-12 17:36:56,599 - INFO - No synonyms found for: beastiality
2025-02-12 17:36:57,141 - INFO - No synonyms found for: metacritic
2025-02-12 17:36:57,681 - INFO - No synonyms found for: bibtex
2025-02-12 17:36:57,953 - INFO - No synonyms found for: centennial
2025-02-12 17:36:58,215 - INFO - No synonyms found for: mandrake
2025-02-12 17:36:59,038 - INFO - No synonyms found for: sapien
2025-02-12 17:37:00,365 - INFO - No synonyms found for: telecommunication
2025-02-12 17:37:01,187 - INFO - No synonyms found for: vonage
2025-02-12 17:37:01,477 - INFO - No synonyms found for: mccormick
2025-02-12 17:37:03,386 - INFO - No synonyms found for: antigen
2025-02-12 17:37:03,656 - INFO - No synonyms found for: remediation
2025-02-12 17:37:04,214 - INFO - No synonyms found for: travelocity
2025-02-12 17:37:04,480 - INFO - No synonyms found for: polytechnic
2025-02-12 17:37:04,751 - INFO - No synonyms found for: png
2025-02-12 17:37:05,015 - INFO - No synonyms found for: shalt
2025-02-12 17:37:05,304 - INFO - No synonyms found for: accountancy
2025-02-12 17:37:07,177 - INFO - No synonyms found for: xml
2025-02-12 17:37:07,730 - INFO - No synonyms found for: regent
2025-02-12 17:37:08,001 - INFO - No synonyms found for: newfoundland
2025-02-12 17:37:09,633 - INFO - No synonyms found for: dentistry
2025-02-12 17:37:09,932 - INFO - No synonyms found for: tft
2025-02-12 17:37:10,485 - INFO - No synonyms found for: capri
2025-02-12 17:37:10,777 - INFO - No synonyms found for: semantic
2025-02-12 17:37:11,610 - INFO - No synonyms found for: bordeaux
2025-02-12 17:37:12,704 - INFO - No synonyms found for: physiopathology
2025-02-12 17:37:14,039 - INFO - No synonyms found for: hasting
2025-02-12 17:37:14,342 - INFO - No synonyms found for: impressum
2025-02-12 17:37:14,888 - INFO - No synonyms found for: thessalonian
2025-02-12 17:37:15,156 - INFO - No synonyms found for: archaeological
2025-02-12 17:37:15,462 - INFO - No synonyms found for: kyocera
2025-02-12 17:37:16,013 - INFO - No synonyms found for: middlesex
2025-02-12 17:37:16,572 - INFO - No synonyms found for: sundance
2025-02-12 17:37:16,858 - INFO - No synonyms found for: wlan
2025-02-12 17:37:17,415 - INFO - No synonyms found for: ern
2025-02-12 17:37:17,681 - INFO - No synonyms found for: ecology
2025-02-12 17:37:18,492 - INFO - No synonyms found for: applegate
2025-02-12 17:37:18,779 - INFO - No synonyms found for: adler
2025-02-12 17:37:19,041 - INFO - No synonyms found for: bridgeport
2025-02-12 17:37:19,326 - INFO - No synonyms found for: leukemia
2025-02-12 17:37:19,597 - INFO - No synonyms found for: pablo
2025-02-12 17:37:20,426 - INFO - No synonyms found for: hepatitis
2025-02-12 17:37:20,697 - INFO - No synonyms found for: substrate
2025-02-12 17:37:20,963 - INFO - No synonyms found for: moine
2025-02-12 17:37:21,504 - INFO - No synonyms found for: incest
2025-02-12 17:37:21,788 - INFO - No synonyms found for: tuscany
2025-02-12 17:37:22,070 - INFO - No synonyms found for: dermatology
2025-02-12 17:37:22,354 - INFO - No synonyms found for: gonzale
2025-02-12 17:37:23,168 - INFO - No synonyms found for: johanne
2025-02-12 17:37:23,473 - INFO - No synonyms found for: sata
2025-02-12 17:37:24,023 - INFO - No synonyms found for: levitra
2025-02-12 17:37:24,309 - INFO - No synonyms found for: percussion
2025-02-12 17:37:24,857 - INFO - No synonyms found for: marietta
2025-02-12 17:37:25,163 - INFO - No synonyms found for: schwartz
2025-02-12 17:37:25,428 - INFO - No synonyms found for: arbitration
2025-02-12 17:37:26,244 - INFO - No synonyms found for: ricoh
2025-02-12 17:37:26,512 - INFO - No synonyms found for: pornography
2025-02-12 17:37:27,072 - INFO - No synonyms found for: placebo
2025-02-12 17:37:27,626 - INFO - No synonyms found for: danville
2025-02-12 17:37:27,907 - INFO - No synonyms found for: immunology
2025-02-12 17:37:28,194 - INFO - No synonyms found for: ziff
2025-02-12 17:37:29,282 - INFO - No synonyms found for: enzyme
2025-02-12 17:37:30,094 - INFO - No synonyms found for: roulette
2025-02-12 17:37:30,673 - INFO - No synonyms found for: stp
2025-02-12 17:37:30,959 - INFO - No synonyms found for: liposuction
2025-02-12 17:37:31,226 - INFO - No synonyms found for: mahogany
2025-02-12 17:37:31,765 - INFO - No synonyms found for: pursuant
2025-02-12 17:37:32,028 - INFO - No synonyms found for: influenza
2025-02-12 17:37:32,314 - INFO - No synonyms found for: semiconductor
2025-02-12 17:37:32,871 - INFO - No synonyms found for: brunswick
2025-02-12 17:37:33,158 - INFO - No synonyms found for: bibliographic
2025-02-12 17:37:33,730 - INFO - No synonyms found for: yate
2025-02-12 17:37:35,611 - INFO - No synonyms found for: polymerase
2025-02-12 17:37:37,744 - INFO - No synonyms found for: tawnee
2025-02-12 17:37:38,026 - INFO - No synonyms found for: shopzilla
2025-02-12 17:37:38,600 - INFO - No synonyms found for: chemotherapy
2025-02-12 17:37:39,198 - INFO - No synonyms found for: sleazydream
2025-02-12 17:37:39,462 - INFO - No synonyms found for: dioxide
2025-02-12 17:37:39,724 - INFO - No synonyms found for: xanax
2025-02-12 17:37:40,253 - INFO - No synonyms found for: transvestite
2025-02-12 17:37:40,784 - INFO - No synonyms found for: llc
2025-02-12 17:37:41,330 - INFO - No synonyms found for: roosevelt
2025-02-12 17:37:41,890 - INFO - No synonyms found for: hondura
2025-02-12 17:37:42,972 - INFO - No synonyms found for: gonzalez
2025-02-12 17:37:43,258 - INFO - No synonyms found for: epidemiology
2025-02-12 17:37:44,078 - INFO - No synonyms found for: ieee
2025-02-12 17:37:44,639 - INFO - No synonyms found for: psychiatry
2025-02-12 17:37:45,447 - INFO - No synonyms found for: maltese
2025-02-12 17:37:45,729 - INFO - No synonyms found for: telecom
2025-02-12 17:37:45,997 - INFO - No synonyms found for: portfolio
2025-02-12 17:37:46,280 - INFO - No synonyms found for: symantec
2025-02-12 17:37:47,625 - INFO - No synonyms found for: apnic
2025-02-12 17:37:47,905 - INFO - No synonyms found for: carlisle
2025-02-12 17:37:48,447 - INFO - No synonyms found for: cymru
2025-02-12 17:37:49,269 - INFO - No synonyms found for: nanotechnology
2025-02-12 17:37:49,859 - INFO - No synonyms found for: seychelle
2025-02-12 17:37:50,136 - INFO - No synonyms found for: lithuanian
2025-02-12 17:37:50,421 - INFO - No synonyms found for: fprintf
2025-02-12 17:37:50,693 - INFO - No synonyms found for: vascular
2025-02-12 17:37:50,979 - INFO - No synonyms found for: kinase
2025-02-12 17:37:51,265 - INFO - No synonyms found for: schultz
2025-02-12 17:37:52,353 - INFO - No synonyms found for: wichita
2025-02-12 17:37:52,624 - INFO - No synonyms found for: culinary
2025-02-12 17:37:53,166 - INFO - No synonyms found for: parfum
2025-02-12 17:37:53,446 - INFO - No synonyms found for: mrna
2025-02-12 17:37:54,285 - INFO - No synonyms found for: dns
2025-02-12 17:37:55,101 - INFO - No synonyms found for: oahu
2025-02-12 17:37:55,388 - INFO - No synonyms found for: directorate
2025-02-12 17:37:55,685 - INFO - No synonyms found for: informatic
2025-02-12 17:37:55,952 - INFO - No synonyms found for: subunit
2025-02-12 17:37:56,242 - INFO - No synonyms found for: elsevier
2025-02-12 17:37:56,531 - INFO - No synonyms found for: bizjournalshire
2025-02-12 17:37:57,095 - INFO - No synonyms found for: hawthorne
2025-02-12 17:37:57,673 - INFO - No synonyms found for: gail
2025-02-12 17:37:58,825 - INFO - No synonyms found for: fioricet
2025-02-12 17:37:59,371 - INFO - No synonyms found for: roanoke
2025-02-12 17:37:59,930 - INFO - No synonyms found for: blanca
2025-02-12 17:38:00,760 - INFO - No synonyms found for: costello
2025-02-12 17:38:01,311 - INFO - No synonyms found for: schneider
2025-02-12 17:38:01,866 - INFO - No synonyms found for: ciali
2025-02-12 17:38:02,416 - INFO - No synonyms found for: aforementione
2025-02-12 17:38:03,237 - INFO - No synonyms found for: timor
2025-02-12 17:38:04,849 - INFO - No synonyms found for: sauvignon
2025-02-12 17:38:05,923 - INFO - No synonyms found for: fra
2025-02-12 17:38:07,006 - INFO - No synonyms found for: denon
2025-02-12 17:38:07,294 - INFO - No synonyms found for: kyoto
2025-02-12 17:38:07,853 - INFO - No synonyms found for: exeter
2025-02-12 17:38:08,406 - INFO - No synonyms found for: slashdot
2025-02-12 17:38:08,931 - INFO - No synonyms found for: sanitation
2025-02-12 17:38:09,210 - INFO - No synonyms found for: aromatherapy
2025-02-12 17:38:09,495 - INFO - No synonyms found for: concordia
2025-02-12 17:38:09,756 - INFO - No synonyms found for: regency
2025-02-12 17:38:10,564 - INFO - No synonyms found for: lorraine
2025-02-12 17:38:11,115 - INFO - No synonyms found for: howell
2025-02-12 17:38:11,396 - INFO - No synonyms found for: dhcp
2025-02-12 17:38:11,659 - INFO - No synonyms found for: prix
2025-02-12 17:38:12,198 - INFO - No synonyms found for: horoscope
2025-02-12 17:38:12,757 - INFO - No synonyms found for: nic
2025-02-12 17:38:13,809 - INFO - No synonyms found for: archaeology
2025-02-12 17:38:14,628 - INFO - No synonyms found for: ferdinand
2025-02-12 17:38:14,942 - INFO - No synonyms found for: trong
2025-02-12 17:38:15,768 - INFO - No synonyms found for: prostate
2025-02-12 17:38:16,578 - INFO - No synonyms found for: atari
2025-02-12 17:38:17,116 - INFO - No synonyms found for: cobalt
2025-02-12 17:38:17,680 - INFO - No synonyms found for: winchester
2025-02-12 17:38:17,963 - INFO - No synonyms found for: meridia
2025-02-12 17:38:18,761 - INFO - No synonyms found for: radial
2025-02-12 17:38:19,550 - INFO - No synonyms found for: seether
2025-02-12 17:38:19,834 - INFO - No synonyms found for: westminster
2025-02-12 17:38:20,118 - INFO - No synonyms found for: nortel
2025-02-12 17:38:20,403 - INFO - No synonyms found for: bild
2025-02-12 17:38:20,670 - INFO - No synonyms found for: oxidation
2025-02-12 17:38:20,954 - INFO - No synonyms found for: ocr
2025-02-12 17:38:21,242 - INFO - No synonyms found for: telnet
2025-02-12 17:38:21,541 - INFO - No synonyms found for: underoath
2025-02-12 17:38:22,345 - INFO - No synonyms found for: northamptonshire
2025-02-12 17:38:23,465 - INFO - No synonyms found for: constituency
2025-02-12 17:38:23,761 - INFO - No synonyms found for: charset
2025-02-12 17:38:24,030 - INFO - No synonyms found for: chesapeake
2025-02-12 17:38:25,096 - INFO - No synonyms found for: anthropology
2025-02-12 17:38:25,649 - INFO - No synonyms found for: deborah
2025-02-12 17:38:25,916 - INFO - No synonyms found for: instrumentation
2025-02-12 17:38:27,295 - INFO - No synonyms found for: valium
2025-02-12 17:38:27,580 - INFO - No synonyms found for: gloucestershire
2025-02-12 17:38:28,107 - INFO - No synonyms found for: principe
2025-02-12 17:38:28,371 - INFO - No synonyms found for: hierarchical
2025-02-12 17:38:28,928 - INFO - No synonyms found for: encryption
2025-02-12 17:38:29,212 - INFO - No synonyms found for: sarbane
2025-02-12 17:38:29,739 - INFO - No synonyms found for: cms
2025-02-12 17:38:30,803 - INFO - No synonyms found for: turquoise
2025-02-12 17:38:31,352 - INFO - No synonyms found for: phylli
2025-02-12 17:38:31,893 - INFO - No synonyms found for: taxonomy
2025-02-12 17:38:32,422 - INFO - No synonyms found for: cortex
2025-02-12 17:38:32,702 - INFO - No synonyms found for: verisign
2025-02-12 17:38:32,989 - INFO - No synonyms found for: storesshop
2025-02-12 17:38:33,815 - INFO - No synonyms found for: techrepublic
2025-02-12 17:38:34,078 - INFO - No synonyms found for: vitro
2025-02-12 17:38:34,895 - INFO - No synonyms found for: polymer
2025-02-12 17:38:35,436 - INFO - No synonyms found for: cerevisiae
2025-02-12 17:38:35,981 - INFO - No synonyms found for: peterborough
2025-02-12 17:38:36,265 - INFO - No synonyms found for: chatham
2025-02-12 17:38:36,815 - INFO - No synonyms found for: invision
2025-02-12 17:38:37,095 - INFO - No synonyms found for: bedfordshire
2025-02-12 17:38:37,377 - INFO - No synonyms found for: svn
2025-02-12 17:38:37,640 - INFO - No synonyms found for: leicestershire
2025-02-12 17:38:37,920 - INFO - No synonyms found for: lutheran
2025-02-12 17:38:38,724 - INFO - No synonyms found for: biomass
2025-02-12 17:38:39,008 - INFO - No synonyms found for: roswell
2025-02-12 17:38:39,802 - INFO - No synonyms found for: cle
2025-02-12 17:38:40,083 - INFO - No synonyms found for: callaway
2025-02-12 17:38:40,368 - INFO - No synonyms found for: weezer
2025-02-12 17:38:40,937 - INFO - No synonyms found for: celtic
2025-02-12 17:38:41,762 - INFO - No synonyms found for: adipex
2025-02-12 17:38:42,047 - INFO - No synonyms found for: christchurch
2025-02-12 17:38:42,594 - INFO - No synonyms found for: tramadol
2025-02-12 17:38:43,390 - INFO - No synonyms found for: advocacy
2025-02-12 17:38:43,677 - INFO - No synonyms found for: westchester
2025-02-12 17:38:43,960 - INFO - No synonyms found for: solaris
2025-02-12 17:38:44,824 - INFO - No synonyms found for: foreclosure
2025-02-12 17:38:45,942 - INFO - No synonyms found for: paxil
2025-02-12 17:38:46,494 - INFO - No synonyms found for: watershe
2025-02-12 17:38:46,759 - INFO - No synonyms found for: astronomy
2025-02-12 17:38:47,558 - INFO - No synonyms found for: merriam
2025-02-12 17:38:47,842 - INFO - No synonyms found for: vanuatu
2025-02-12 17:38:48,402 - INFO - No synonyms found for: contractual
2025-02-12 17:38:50,004 - INFO - No synonyms found for: interdisciplinary
2025-02-12 17:38:50,537 - INFO - No synonyms found for: cameroon
2025-02-12 17:38:50,799 - INFO - No synonyms found for: pulmonary
2025-02-12 17:38:51,616 - INFO - No synonyms found for: swansea
2025-02-12 17:38:51,901 - INFO - No synonyms found for: timeshare
2025-02-12 17:38:52,451 - INFO - No synonyms found for: stuttgart
2025-02-12 17:38:52,733 - INFO - No synonyms found for: vancouver
2025-02-12 17:38:53,560 - INFO - No synonyms found for: walsh
2025-02-12 17:38:54,118 - INFO - No synonyms found for: deutschland
2025-02-12 17:38:54,403 - INFO - No synonyms found for: doppler
2025-02-12 17:38:54,689 - INFO - No synonyms found for: oncology
2025-02-12 17:38:55,226 - INFO - No synonyms found for: asterisk
2025-02-12 17:38:55,841 - INFO - No synonyms found for: gainesville
2025-02-12 17:38:56,651 - INFO - No synonyms found for: albuquerque
2025-02-12 17:38:57,474 - INFO - No synonyms found for: scottsdale
2025-02-12 17:38:58,563 - INFO - No synonyms found for: lolita
2025-02-12 17:38:59,109 - INFO - No synonyms found for: sussex
2025-02-12 17:38:59,911 - INFO - No synonyms found for: prentice
2025-02-12 17:39:00,439 - INFO - No synonyms found for: bueno
2025-02-12 17:39:00,726 - INFO - No synonyms found for: bizrate
2025-02-12 17:39:00,987 - INFO - No synonyms found for: longitudinal
2025-02-12 17:39:01,300 - INFO - No synonyms found for: aphrodite
2025-02-12 17:39:01,588 - INFO - No synonyms found for: phentermine
2025-02-12 17:39:01,874 - INFO - No synonyms found for: localization
2025-02-12 17:39:02,173 - INFO - No synonyms found for: malaga
2025-02-12 17:39:03,000 - INFO - No synonyms found for: cumming
2025-02-12 17:39:03,294 - INFO - No synonyms found for: diecast
2025-02-12 17:39:03,822 - INFO - No synonyms found for: burgess
2025-02-12 17:39:04,644 - INFO - No synonyms found for: mda
2025-02-12 17:39:06,073 - INFO - No synonyms found for: saunder
2025-02-12 17:39:06,363 - INFO - No synonyms found for: belize
2025-02-12 17:39:06,653 - INFO - No synonyms found for: nottinghamshire
2025-02-12 17:39:06,936 - INFO - No synonyms found for: pantera
2025-02-12 17:39:07,495 - INFO - No synonyms found for: engadget
2025-02-12 17:39:08,049 - INFO - No synonyms found for: mla
2025-02-12 17:39:08,314 - INFO - No synonyms found for: comptroller
2025-02-12 17:39:08,613 - INFO - No synonyms found for: intranet
2025-02-12 17:39:08,898 - INFO - No synonyms found for: geile
2025-02-12 17:39:09,162 - INFO - No synonyms found for: asbestos
2025-02-12 17:39:09,450 - INFO - No synonyms found for: atreyu
2025-02-12 17:39:09,714 - INFO - No synonyms found for: alkaline
2025-02-12 17:39:10,781 - INFO - No synonyms found for: pueblo
2025-02-12 17:39:11,343 - INFO - No synonyms found for: llp
2025-02-12 17:39:12,683 - INFO - No synonyms found for: nabble
2025-02-12 17:39:13,213 - INFO - No synonyms found for: eligibility
2025-02-12 17:39:13,495 - INFO - No synonyms found for: gratuit
2025-02-12 17:39:14,331 - INFO - No synonyms found for: fresno
2025-02-12 17:39:14,620 - INFO - No synonyms found for: microscopy
2025-02-12 17:39:14,891 - INFO - No synonyms found for: optimization
2025-02-12 17:39:15,179 - INFO - No synonyms found for: antille
2025-02-12 17:39:15,731 - INFO - No synonyms found for: buckinghamshire
2025-02-12 17:39:16,021 - INFO - No synonyms found for: saratoga
2025-02-12 17:39:16,287 - INFO - No synonyms found for: pharmacology
2025-02-12 17:39:16,838 - INFO - No synonyms found for: cgi
2025-02-12 17:39:17,125 - INFO - No synonyms found for: snmp
2025-02-12 17:39:17,682 - INFO - No synonyms found for: lingere
2025-02-12 17:39:18,231 - INFO - No synonyms found for: versace
2025-02-12 17:39:19,046 - INFO - No synonyms found for: aclu
2025-02-12 17:39:19,601 - INFO - No synonyms found for: townsend
2025-02-12 17:39:20,943 - INFO - No synonyms found for: usenet
2025-02-12 17:39:21,235 - INFO - No synonyms found for: fischer
2025-02-12 17:39:21,500 - INFO - No synonyms found for: invasive
2025-02-12 17:39:21,784 - INFO - No synonyms found for: guatemala
2025-02-12 17:39:22,574 - INFO - No synonyms found for: provost
2025-02-12 17:39:23,115 - INFO - No synonyms found for: tuvalu
2025-02-12 17:39:23,405 - INFO - No synonyms found for: comm
2025-02-12 17:39:23,758 - INFO - No synonyms found for: basel
2025-02-12 17:39:24,036 - INFO - No synonyms found for: radiology
2025-02-12 17:39:24,298 - INFO - No synonyms found for: bethesda
2025-02-12 17:39:24,599 - INFO - No synonyms found for: ashanti
2025-02-12 17:39:24,891 - INFO - No synonyms found for: femdom
2025-02-12 17:39:25,436 - INFO - No synonyms found for: nauru
2025-02-12 17:39:25,740 - INFO - No synonyms found for: duane
2025-02-12 17:39:26,541 - INFO - No synonyms found for: testosterone
2025-02-12 17:39:27,088 - INFO - No synonyms found for: giorgio
2025-02-12 17:39:29,253 - INFO - No synonyms found for: unsolicite
2025-02-12 17:39:30,325 - INFO - No synonyms found for: prolyte
2025-02-12 17:39:31,115 - INFO - No synonyms found for: cervical
2025-02-12 17:39:31,380 - INFO - No synonyms found for: algorithm
2025-02-12 17:39:31,659 - INFO - No synonyms found for: joomla
2025-02-12 17:39:31,933 - INFO - No synonyms found for: camino
2025-02-12 17:39:32,485 - INFO - No synonyms found for: metasearch
2025-02-12 17:39:32,767 - INFO - No synonyms found for: smtp
2025-02-12 17:39:33,879 - INFO - No synonyms found for: probate
2025-02-12 17:39:34,161 - INFO - No synonyms found for: godsmack
2025-02-12 17:39:34,423 - INFO - No synonyms found for: embryo
2025-02-12 17:39:35,760 - INFO - No synonyms found for: portage
2025-02-12 17:39:36,050 - INFO - No synonyms found for: levin
2025-02-12 17:39:36,315 - INFO - No synonyms found for: twink
2025-02-12 17:39:36,579 - INFO - No synonyms found for: hath
2025-02-12 17:39:36,873 - INFO - No synonyms found for: maurice
2025-02-12 17:39:37,160 - INFO - No synonyms found for: staten
2025-02-12 17:39:37,691 - INFO - No synonyms found for: resonance
2025-02-12 17:39:37,980 - INFO - No synonyms found for: fourier
2025-02-12 17:39:38,267 - INFO - No synonyms found for: coventry
2025-02-12 17:39:38,576 - INFO - No synonyms found for: trivium
2025-02-12 17:39:38,840 - INFO - No synonyms found for: neurology
2025-02-12 17:39:39,124 - INFO - No synonyms found for: wilke
2025-02-12 17:39:39,385 - INFO - No synonyms found for: vhs
2025-02-12 17:39:39,914 - INFO - No synonyms found for: oxide
2025-02-12 17:39:40,743 - INFO - No synonyms found for: grenadine
2025-02-12 17:39:41,535 - INFO - No synonyms found for: inne
2025-02-12 17:39:41,820 - INFO - No synonyms found for: corinthian
2025-02-12 17:39:42,125 - INFO - No synonyms found for: cartier
2025-02-12 17:39:42,958 - INFO - No synonyms found for: synchronization
2025-02-12 17:39:43,220 - INFO - No synonyms found for: etiology
2025-02-12 17:39:43,484 - INFO - No synonyms found for: architectural
2025-02-12 17:39:43,769 - INFO - No synonyms found for: biosynthesis
2025-02-12 17:39:44,033 - INFO - No synonyms found for: stochastic
2025-02-12 17:39:45,110 - INFO - No synonyms found for: erp
2025-02-12 17:39:47,268 - INFO - No synonyms found for: ibid
2025-02-12 17:39:48,092 - INFO - No synonyms found for: masterbation
2025-02-12 17:39:48,916 - INFO - No synonyms found for: interoperability
2025-02-12 17:39:49,198 - INFO - No synonyms found for: khz
2025-02-12 17:39:49,768 - INFO - No synonyms found for: lesotho
2025-02-12 17:39:50,035 - INFO - No synonyms found for: genome
2025-02-12 17:39:50,314 - INFO - No synonyms found for: isabella
2025-02-12 17:39:50,858 - INFO - No synonyms found for: acupuncture
2025-02-12 17:39:51,137 - INFO - No synonyms found for: oxfordshire
2025-02-12 17:39:52,200 - INFO - No synonyms found for: hereinafter
2025-02-12 17:39:52,466 - INFO - No synonyms found for: hertfordshire
2025-02-12 17:39:52,753 - INFO - No synonyms found for: bruin
2025-02-12 17:39:53,040 - INFO - No synonyms found for: bilder
2025-02-12 17:39:53,335 - INFO - No synonyms found for: cumme
2025-02-12 17:39:53,617 - INFO - No synonyms found for: proqu
2025-02-12 17:39:54,712 - INFO - No synonyms found for: activism
2025-02-12 17:39:54,997 - INFO - No synonyms found for: apoptosis
2025-02-12 17:39:55,287 - INFO - No synonyms found for: hayne
2025-02-12 17:39:55,566 - INFO - No synonyms found for: aguilera
2025-02-12 17:39:56,121 - INFO - No synonyms found for: delphi
2025-02-12 17:39:56,941 - INFO - No synonyms found for: maxtor
2025-02-12 17:39:57,203 - INFO - No synonyms found for: iss
2025-02-12 17:39:58,285 - INFO - No synonyms found for: telstra
2025-02-12 17:39:59,638 - INFO - No synonyms found for: mansfield
2025-02-12 17:39:59,933 - INFO - No synonyms found for: cancun
2025-02-12 17:40:00,224 - INFO - No synonyms found for: jacqueline
2025-02-12 17:40:00,786 - INFO - No synonyms found for: crt
2025-02-12 17:40:01,342 - INFO - No synonyms found for: hydrocodone
2025-02-12 17:40:01,885 - INFO - No synonyms found for: morale
2025-02-12 17:40:02,192 - INFO - No synonyms found for: orbital
2025-02-12 17:40:02,486 - INFO - No synonyms found for: ssl
2025-02-12 17:40:02,777 - INFO - No synonyms found for: biotechnology
2025-02-12 17:40:03,329 - INFO - No synonyms found for: guadeloupe
2025-02-12 17:40:03,630 - INFO - No synonyms found for: staffordshire
2025-02-12 17:40:03,896 - INFO - No synonyms found for: tuberculosis
2025-02-12 17:40:04,161 - INFO - No synonyms found for: seismic
2025-02-12 17:40:04,449 - INFO - No synonyms found for: viewsonic
2025-02-12 17:40:04,736 - INFO - No synonyms found for: darfur
2025-02-12 17:40:05,040 - INFO - No synonyms found for: cambridgeshire
2025-02-12 17:40:05,312 - INFO - No synonyms found for: metabolism
2025-02-12 17:40:05,596 - INFO - No synonyms found for: charlottesville
2025-02-12 17:40:05,884 - INFO - No synonyms found for: boe
2025-02-12 17:40:06,692 - INFO - No synonyms found for: tungsten
2025-02-12 17:40:07,216 - INFO - No synonyms found for: lisp
2025-02-12 17:40:07,507 - INFO - No synonyms found for: biodiversity
2025-02-12 17:40:07,769 - INFO - No synonyms found for: amethyst
2025-02-12 17:40:08,065 - INFO - No synonyms found for: sesso
2025-02-12 17:40:08,361 - INFO - No synonyms found for: filmography
2025-02-12 17:40:08,905 - INFO - No synonyms found for: essex
2025-02-12 17:40:10,543 - INFO - No synonyms found for: lund
2025-02-12 17:40:10,876 - INFO - No synonyms found for: gentoo
2025-02-12 17:40:11,425 - INFO - No synonyms found for: travestis
2025-02-12 17:40:12,229 - INFO - No synonyms found for: schwarzenegger
2025-02-12 17:40:13,066 - INFO - No synonyms found for: burbank
2025-02-12 17:40:13,354 - INFO - No synonyms found for: masturbation
2025-02-12 17:40:13,641 - INFO - No synonyms found for: kazaa
2025-02-12 17:40:13,931 - INFO - No synonyms found for: stargate
2025-02-12 17:40:14,223 - INFO - No synonyms found for: coppermine
2025-02-12 17:40:15,290 - INFO - No synonyms found for: sourceforge
2025-02-12 17:40:15,574 - INFO - No synonyms found for: clr
2025-02-12 17:40:15,865 - INFO - No synonyms found for: worcestershire
2025-02-12 17:40:16,678 - INFO - No synonyms found for: cabernet
2025-02-12 17:40:16,964 - INFO - No synonyms found for: sme
2025-02-12 17:40:17,228 - INFO - No synonyms found for: hypertension
2025-02-12 17:40:17,757 - INFO - No synonyms found for: lipid
2025-02-12 17:40:18,050 - INFO - No synonyms found for: inverness
2025-02-12 17:40:18,338 - INFO - No synonyms found for: audioslave
2025-02-12 17:40:19,164 - INFO - No synonyms found for: atkinson
2025-02-12 17:40:19,450 - INFO - No synonyms found for: dehydrogenase
2025-02-12 17:40:19,730 - INFO - No synonyms found for: pitcairn
2025-02-12 17:40:20,562 - INFO - No synonyms found for: ipaq
2025-02-12 17:40:21,110 - INFO - No synonyms found for: topology
2025-02-12 17:40:21,394 - INFO - No synonyms found for: isuzu
2025-02-12 17:40:21,940 - INFO - No synonyms found for: warwickshire
2025-02-12 17:40:22,220 - INFO - No synonyms found for: middot
2025-02-12 17:40:22,500 - INFO - No synonyms found for: scarborough
2025-02-12 17:40:22,783 - INFO - No synonyms found for: ethanol
2025-02-12 17:40:23,341 - INFO - No synonyms found for: strauss
2025-02-12 17:40:23,602 - INFO - No synonyms found for: chromosome
2025-02-12 17:40:23,603 - INFO - Processed 831 words. Missing synonyms for 431 words (51.87%).
2025-02-12 17:40:23,614 - INFO - Output saved to: ./results/thesaurus/merriam_webster/complex_simple/most_complex_words_merriam_webster.tsv
2025-02-12 17:40:23,614 - INFO - All files processed.
